<?xml version="1.0" encoding="UTF-8"?>
<!-- Generated by org.testng.reporters.JUnitReportReporter -->
<testsuite hostname="DESKTOP-HLCM1F1" failures="0" tests="1" name="findingelements.FindElementInTableByTagName" time="0.055" errors="0" timestamp="2022-02-08T14:11:49 EET" skipped="0">
  <testcase classname="findingelements.FindElementInTableByTagName" name="testFindByTagName" time="0.055"/>
  <system-out/>
</testsuite> <!-- findingelements.FindElementInTableByTagName -->
