<?xml version="1.0" encoding="UTF-8"?>
<!-- Generated by org.testng.reporters.JUnitReportReporter -->
<testsuite hostname="DESKTOP-HLCM1F1" failures="0" tests="1" name="findingelements.FindByCSSSelector" time="0.096" errors="0" timestamp="2022-02-08T13:45:45 EET" skipped="0">
  <testcase classname="findingelements.FindByCSSSelector" name="testFindByCSSselector" time="0.096"/>
  <system-out/>
</testsuite> <!-- findingelements.FindByCSSSelector -->
