<?xml version="1.0" encoding="UTF-8"?>
<!-- Generated by org.testng.reporters.JUnitReportReporter -->
<testsuite hostname="DESKTOP-HLCM1F1" failures="0" tests="1" name="findingelements.FindByElements" time="0.665" errors="0" timestamp="2022-02-08T15:09:36 EET" skipped="0">
  <testcase classname="findingelements.FindByElements" name="testFindElements" time="0.665"/>
  <system-out/>
</testsuite> <!-- findingelements.FindByElements -->
