<?xml version="1.0" encoding="UTF-8"?>
<!-- Generated by org.testng.reporters.JUnitReportReporter -->
<testsuite hostname="DESKTOP-HLCM1F1" failures="0" tests="2" name="findingelements.FindLinksByLinkText" time="0.083" errors="0" timestamp="2022-02-08T15:32:46 EET" skipped="0">
  <testcase classname="findingelements.FindLinksByLinkText" name="testLinkPartialText" time="0.048"/>
  <system-out/>
  <testcase classname="findingelements.FindLinksByLinkText" name="testLinkText" time="0.035"/>
  <system-out/>
</testsuite> <!-- findingelements.FindLinksByLinkText -->
