<?xml version="1.0" encoding="UTF-8"?>
<!-- Generated by org.testng.reporters.JUnitReportReporter -->
<testsuite hostname="DESKTOP-HLCM1F1" failures="0" tests="1" name="findingelements.FindElementByID" time="0.047" errors="0" timestamp="2022-02-07T02:50:57 EET" skipped="0">
  <testcase classname="findingelements.FindElementByID" name="findElementByID" time="0.047"/>
  <system-out/>
</testsuite> <!-- findingelements.FindElementByID -->
