<?xml version="1.0" encoding="UTF-8"?>
<!-- Generated by org.testng.reporters.JUnitReportReporter -->
<testsuite hostname="DESKTOP-HLCM1F1" failures="0" tests="1" name="findingelements.FindElementByName" time="0.060" errors="0" timestamp="2022-02-07T03:06:16 EET" skipped="0">
  <testcase classname="findingelements.FindElementByName" name="findElementByName" time="0.060"/>
  <system-out/>
</testsuite> <!-- findingelements.FindElementByName -->
