<?xml version="1.0" encoding="UTF-8"?>
<!-- Generated by org.testng.reporters.JUnitReportReporter -->
<testsuite hostname="DESKTOP-HLCM1F1" failures="0" tests="1" name="findingelements.FindElementByTagName" time="0.495" errors="0" timestamp="2022-02-08T12:32:14 EET" skipped="0">
  <testcase classname="findingelements.FindElementByTagName" name="testFindByTagName" time="0.495"/>
  <system-out/>
</testsuite> <!-- findingelements.FindElementByTagName -->
