<?xml version="1.0" encoding="UTF-8"?>
<!-- Generated by org.testng.reporters.JUnitReportReporter -->
<testsuite hostname="DESKTOP-HLCM1F1" failures="0" tests="1" name="findingelements.FindElementByClass" time="0.086" errors="0" timestamp="2022-02-08T12:10:48 EET" skipped="0">
  <testcase classname="findingelements.FindElementByClass" name="findElementByClass" time="0.086"/>
  <system-out/>
</testsuite> <!-- findingelements.FindElementByClass -->
